<?xml version="1.0" encoding="UTF-8"?>
<coverage generated="1733110856411" clover="3.2.0">
  <project timestamp="1733110856411" name="All files">
    <metrics statements="120" coveredstatements="53" conditionals="36" coveredconditionals="26" methods="14" coveredmethods="5" elements="170" coveredelements="84" complexity="0" loc="120" ncloc="120" packages="1" files="4" classes="4"/>
    <file name="AlsenUtil.js" path="C:\Users\ialse\OneDrive - Temasek Polytechnic\TP Year 2.2\DVOPS\DVOPS_PROJECT_PART2\DVOPS-PROJECT\utils\AlsenUtil.js">
      <metrics statements="46" coveredstatements="45" conditionals="26" coveredconditionals="26" methods="5" coveredmethods="5"/>
      <line num="1" count="1" type="stmt"/>
      <line num="2" count="1" type="stmt"/>
      <line num="6" count="9" type="stmt"/>
      <line num="7" count="9" type="stmt"/>
      <line num="8" count="7" type="stmt"/>
      <line num="10" count="2" type="stmt"/>
      <line num="11" count="2" type="stmt"/>
      <line num="17" count="3" type="stmt"/>
      <line num="18" count="3" type="stmt"/>
      <line num="19" count="2" type="stmt"/>
      <line num="20" count="2" type="stmt"/>
      <line num="21" count="2" type="stmt"/>
      <line num="23" count="1" type="stmt"/>
      <line num="24" count="1" type="stmt"/>
      <line num="30" count="4" type="stmt"/>
      <line num="31" count="4" type="stmt"/>
      <line num="32" count="4" type="stmt"/>
      <line num="34" count="4" type="stmt"/>
      <line num="35" count="3" type="cond" truecount="2" falsecount="0"/>
      <line num="36" count="2" type="stmt"/>
      <line num="38" count="3" type="cond" truecount="2" falsecount="0"/>
      <line num="39" count="2" type="stmt"/>
      <line num="43" count="4" type="stmt"/>
      <line num="48" count="8" type="stmt"/>
      <line num="49" count="8" type="stmt"/>
      <line num="52" count="8" type="cond" truecount="4" falsecount="0"/>
      <line num="53" count="1" type="stmt"/>
      <line num="55" count="7" type="cond" truecount="4" falsecount="0"/>
      <line num="56" count="1" type="stmt"/>
      <line num="58" count="6" type="cond" truecount="4" falsecount="0"/>
      <line num="59" count="1" type="stmt"/>
      <line num="63" count="5" type="stmt"/>
      <line num="64" count="5" type="cond" truecount="2" falsecount="0"/>
      <line num="65" count="1" type="stmt"/>
      <line num="69" count="4" type="stmt"/>
      <line num="71" count="4" type="cond" truecount="4" falsecount="0"/>
      <line num="72" count="1" type="stmt"/>
      <line num="74" count="3" type="cond" truecount="2" falsecount="0"/>
      <line num="75" count="1" type="stmt"/>
      <line num="77" count="2" type="cond" truecount="2" falsecount="0"/>
      <line num="78" count="1" type="stmt"/>
      <line num="82" count="1" type="stmt"/>
      <line num="83" count="1" type="stmt"/>
      <line num="85" count="1" type="stmt"/>
      <line num="87" count="0" type="stmt"/>
      <line num="92" count="1" type="stmt"/>
    </file>
    <file name="BrandenUtil.js" path="C:\Users\ialse\OneDrive - Temasek Polytechnic\TP Year 2.2\DVOPS\DVOPS_PROJECT_PART2\DVOPS-PROJECT\utils\BrandenUtil.js">
      <metrics statements="10" coveredstatements="2" conditionals="0" coveredconditionals="0" methods="2" coveredmethods="0"/>
      <line num="1" count="1" type="stmt"/>
      <line num="4" count="0" type="stmt"/>
      <line num="5" count="0" type="stmt"/>
      <line num="6" count="0" type="stmt"/>
      <line num="7" count="0" type="stmt"/>
      <line num="11" count="0" type="stmt"/>
      <line num="12" count="0" type="stmt"/>
      <line num="13" count="0" type="stmt"/>
      <line num="15" count="0" type="stmt"/>
      <line num="19" count="1" type="stmt"/>
    </file>
    <file name="JustinUtil.js" path="C:\Users\ialse\OneDrive - Temasek Polytechnic\TP Year 2.2\DVOPS\DVOPS_PROJECT_PART2\DVOPS-PROJECT\utils\JustinUtil.js">
      <metrics statements="36" coveredstatements="3" conditionals="6" coveredconditionals="0" methods="4" coveredmethods="0"/>
      <line num="1" count="1" type="stmt"/>
      <line num="2" count="1" type="stmt"/>
      <line num="5" count="0" type="stmt"/>
      <line num="6" count="0" type="stmt"/>
      <line num="7" count="0" type="stmt"/>
      <line num="8" count="0" type="stmt"/>
      <line num="12" count="0" type="stmt"/>
      <line num="13" count="0" type="stmt"/>
      <line num="14" count="0" type="stmt"/>
      <line num="15" count="0" type="stmt"/>
      <line num="16" count="0" type="stmt"/>
      <line num="17" count="0" type="stmt"/>
      <line num="21" count="0" type="stmt"/>
      <line num="22" count="0" type="stmt"/>
      <line num="26" count="0" type="stmt"/>
      <line num="27" count="0" type="stmt"/>
      <line num="28" count="0" type="stmt"/>
      <line num="29" count="0" type="stmt"/>
      <line num="30" count="0" type="stmt"/>
      <line num="31" count="0" type="stmt"/>
      <line num="32" count="0" type="stmt"/>
      <line num="33" count="0" type="cond" truecount="0" falsecount="2"/>
      <line num="34" count="0" type="stmt"/>
      <line num="36" count="0" type="stmt"/>
      <line num="37" count="0" type="stmt"/>
      <line num="38" count="0" type="cond" truecount="0" falsecount="2"/>
      <line num="39" count="0" type="stmt"/>
      <line num="40" count="0" type="stmt"/>
      <line num="41" count="0" type="stmt"/>
      <line num="42" count="0" type="stmt"/>
      <line num="45" count="0" type="cond" truecount="0" falsecount="2"/>
      <line num="46" count="0" type="stmt"/>
      <line num="47" count="0" type="stmt"/>
      <line num="49" count="0" type="stmt"/>
      <line num="52" count="0" type="stmt"/>
      <line num="56" count="1" type="stmt"/>
    </file>
    <file name="ShianUtil.js" path="C:\Users\ialse\OneDrive - Temasek Polytechnic\TP Year 2.2\DVOPS\DVOPS_PROJECT_PART2\DVOPS-PROJECT\utils\ShianUtil.js">
      <metrics statements="28" coveredstatements="3" conditionals="4" coveredconditionals="0" methods="3" coveredmethods="0"/>
      <line num="1" count="1" type="stmt"/>
      <line num="2" count="1" type="stmt"/>
      <line num="5" count="0" type="stmt"/>
      <line num="6" count="0" type="stmt"/>
      <line num="7" count="0" type="stmt"/>
      <line num="8" count="0" type="stmt"/>
      <line num="12" count="0" type="stmt"/>
      <line num="13" count="0" type="stmt"/>
      <line num="14" count="0" type="stmt"/>
      <line num="15" count="0" type="stmt"/>
      <line num="16" count="0" type="stmt"/>
      <line num="17" count="0" type="stmt"/>
      <line num="21" count="0" type="stmt"/>
      <line num="22" count="0" type="stmt"/>
      <line num="23" count="0" type="stmt"/>
      <line num="24" count="0" type="stmt"/>
      <line num="26" count="0" type="stmt"/>
      <line num="27" count="0" type="stmt"/>
      <line num="28" count="0" type="cond" truecount="0" falsecount="2"/>
      <line num="29" count="0" type="stmt"/>
      <line num="30" count="0" type="stmt"/>
      <line num="34" count="0" type="cond" truecount="0" falsecount="2"/>
      <line num="35" count="0" type="stmt"/>
      <line num="36" count="0" type="stmt"/>
      <line num="37" count="0" type="stmt"/>
      <line num="39" count="0" type="stmt"/>
      <line num="42" count="0" type="stmt"/>
      <line num="48" count="1" type="stmt"/>
    </file>
  </project>
</coverage>
