{"total": {"lines":{"total":120,"covered":53,"skipped":0,"pct":44.16},"statements":{"total":127,"covered":53,"skipped":0,"pct":41.73},"functions":{"total":14,"covered":5,"skipped":0,"pct":35.71},"branches":{"total":36,"covered":26,"skipped":0,"pct":72.22},"branchesTrue":{"total":0,"covered":0,"skipped":0,"pct":"Unknown"}}
,"C:\\Users\\ialse\\OneDrive - Temasek Polytechnic\\TP Year 2.2\\DVOPS\\DVOPS_PROJECT_PART2\\DVOPS-PROJECT\\utils\\AlsenUtil.js": {"lines":{"total":46,"covered":45,"skipped":0,"pct":97.82},"functions":{"total":5,"covered":5,"skipped":0,"pct":100},"statements":{"total":46,"covered":45,"skipped":0,"pct":97.82},"branches":{"total":26,"covered":26,"skipped":0,"pct":100}}
,"C:\\Users\\ialse\\OneDrive - Temasek Polytechnic\\TP Year 2.2\\DVOPS\\DVOPS_PROJECT_PART2\\DVOPS-PROJECT\\utils\\BrandenUtil.js": {"lines":{"total":10,"covered":2,"skipped":0,"pct":20},"functions":{"total":2,"covered":0,"skipped":0,"pct":0},"statements":{"total":11,"covered":2,"skipped":0,"pct":18.18},"branches":{"total":0,"covered":0,"skipped":0,"pct":100}}
,"C:\\Users\\ialse\\OneDrive - Temasek Polytechnic\\TP Year 2.2\\DVOPS\\DVOPS_PROJECT_PART2\\DVOPS-PROJECT\\utils\\JustinUtil.js": {"lines":{"total":36,"covered":3,"skipped":0,"pct":8.33},"functions":{"total":4,"covered":0,"skipped":0,"pct":0},"statements":{"total":39,"covered":3,"skipped":0,"pct":7.69},"branches":{"total":6,"covered":0,"skipped":0,"pct":0}}
,"C:\\Users\\ialse\\OneDrive - Temasek Polytechnic\\TP Year 2.2\\DVOPS\\DVOPS_PROJECT_PART2\\DVOPS-PROJECT\\utils\\ShianUtil.js": {"lines":{"total":28,"covered":3,"skipped":0,"pct":10.71},"functions":{"total":3,"covered":0,"skipped":0,"pct":0},"statements":{"total":31,"covered":3,"skipped":0,"pct":9.67},"branches":{"total":4,"covered":0,"skipped":0,"pct":0}}
}
