{"total": {"lines":{"total":123,"covered":41,"skipped":0,"pct":33.33},"statements":{"total":123,"covered":41,"skipped":0,"pct":33.33},"functions":{"total":19,"covered":7,"skipped":0,"pct":36.84},"branches":{"total":41,"covered":5,"skipped":0,"pct":12.19},"branchesTrue":{"total":0,"covered":0,"skipped":0,"pct":"Unknown"}}
,"C:\\Users\\ialse\\OneDrive - Temasek Polytechnic\\TP Year 2.2\\DVOPS\\DVOPS_PROJECT_PART2\\DVOPS-PROJECT\\public\\js\\alsen.js": {"lines":{"total":21,"covered":21,"skipped":0,"pct":100},"functions":{"total":2,"covered":2,"skipped":0,"pct":100},"statements":{"total":21,"covered":21,"skipped":0,"pct":100},"branches":{"total":2,"covered":2,"skipped":0,"pct":100}}
,"C:\\Users\\ialse\\OneDrive - Temasek Polytechnic\\TP Year 2.2\\DVOPS\\DVOPS_PROJECT_PART2\\DVOPS-PROJECT\\public\\js\\branden.js": {"lines":{"total":33,"covered":20,"skipped":0,"pct":60.6},"functions":{"total":8,"covered":5,"skipped":0,"pct":62.5},"statements":{"total":33,"covered":20,"skipped":0,"pct":60.6},"branches":{"total":8,"covered":3,"skipped":0,"pct":37.5}}
,"C:\\Users\\ialse\\OneDrive - Temasek Polytechnic\\TP Year 2.2\\DVOPS\\DVOPS_PROJECT_PART2\\DVOPS-PROJECT\\public\\js\\justin.js": {"lines":{"total":42,"covered":0,"skipped":0,"pct":0},"functions":{"total":5,"covered":0,"skipped":0,"pct":0},"statements":{"total":42,"covered":0,"skipped":0,"pct":0},"branches":{"total":21,"covered":0,"skipped":0,"pct":0}}
,"C:\\Users\\ialse\\OneDrive - Temasek Polytechnic\\TP Year 2.2\\DVOPS\\DVOPS_PROJECT_PART2\\DVOPS-PROJECT\\public\\js\\shian.js": {"lines":{"total":27,"covered":0,"skipped":0,"pct":0},"functions":{"total":4,"covered":0,"skipped":0,"pct":0},"statements":{"total":27,"covered":0,"skipped":0,"pct":0},"branches":{"total":10,"covered":0,"skipped":0,"pct":0}}
}
