{"C:\\Users\\ialse\\OneDrive - Temasek Polytechnic\\TP Year 2.2\\DVOPS\\DVOPS_PROJECT_PART2\\DVOPS-PROJECT\\utils\\AlsenUtil.js": {"path":"C:\\Users\\ialse\\OneDrive - Temasek Polytechnic\\TP Year 2.2\\DVOPS\\DVOPS_PROJECT_PART2\\DVOPS-PROJECT\\utils\\AlsenUtil.js","statementMap":{"0":{"start":{"line":1,"column":21},"end":{"line":1,"column":50}},"1":{"start":{"line":2,"column":11},"end":{"line":2,"column":33}},"2":{"start":{"line":6,"column":4},"end":{"line":12,"column":5}},"3":{"start":{"line":7,"column":21},"end":{"line":7,"column":56}},"4":{"start":{"line":8,"column":8},"end":{"line":8,"column":32}},"5":{"start":{"line":10,"column":8},"end":{"line":10,"column":27}},"6":{"start":{"line":11,"column":8},"end":{"line":11,"column":18}},"7":{"start":{"line":17,"column":4},"end":{"line":25,"column":5}},"8":{"start":{"line":18,"column":27},"end":{"line":18,"column":51}},"9":{"start":{"line":19,"column":8},"end":{"line":19,"column":32}},"10":{"start":{"line":20,"column":8},"end":{"line":20,"column":73}},"11":{"start":{"line":21,"column":8},"end":{"line":21,"column":26}},"12":{"start":{"line":23,"column":8},"end":{"line":23,"column":27}},"13":{"start":{"line":24,"column":8},"end":{"line":24,"column":18}},"14":{"start":{"line":30,"column":25},"end":{"line":30,"column":63}},"15":{"start":{"line":31,"column":25},"end":{"line":31,"column":30}},"16":{"start":{"line":32,"column":31},"end":{"line":32,"column":36}},"17":{"start":{"line":34,"column":4},"end":{"line":41,"column":7}},"18":{"start":{"line":35,"column":8},"end":{"line":37,"column":9}},"19":{"start":{"line":36,"column":12},"end":{"line":36,"column":34}},"20":{"start":{"line":38,"column":8},"end":{"line":40,"column":9}},"21":{"start":{"line":39,"column":12},"end":{"line":39,"column":40}},"22":{"start":{"line":43,"column":4},"end":{"line":43,"column":52}},"23":{"start":{"line":48,"column":4},"end":{"line":88,"column":5}},"24":{"start":{"line":49,"column":47},"end":{"line":49,"column":55}},"25":{"start":{"line":52,"column":8},"end":{"line":54,"column":9}},"26":{"start":{"line":53,"column":12},"end":{"line":53,"column":92}},"27":{"start":{"line":55,"column":8},"end":{"line":57,"column":9}},"28":{"start":{"line":56,"column":12},"end":{"line":56,"column":98}},"29":{"start":{"line":58,"column":8},"end":{"line":60,"column":9}},"30":{"start":{"line":59,"column":12},"end":{"line":59,"column":99}},"31":{"start":{"line":63,"column":27},"end":{"line":63,"column":55}},"32":{"start":{"line":64,"column":8},"end":{"line":66,"column":9}},"33":{"start":{"line":65,"column":12},"end":{"line":65,"column":95}},"34":{"start":{"line":69,"column":57},"end":{"line":69,"column":97}},"35":{"start":{"line":71,"column":8},"end":{"line":73,"column":9}},"36":{"start":{"line":72,"column":12},"end":{"line":72,"column":92}},"37":{"start":{"line":74,"column":8},"end":{"line":76,"column":9}},"38":{"start":{"line":75,"column":12},"end":{"line":75,"column":77}},"39":{"start":{"line":77,"column":8},"end":{"line":79,"column":9}},"40":{"start":{"line":78,"column":12},"end":{"line":78,"column":83}},"41":{"start":{"line":82,"column":28},"end":{"line":82,"column":68}},"42":{"start":{"line":83,"column":33},"end":{"line":83,"column":85}},"43":{"start":{"line":85,"column":8},"end":{"line":85,"column":54}},"44":{"start":{"line":87,"column":8},"end":{"line":87,"column":64}},"45":{"start":{"line":92,"column":0},"end":{"line":94,"column":2}}},"fnMap":{"0":{"name":"readJSON","decl":{"start":{"line":5,"column":15},"end":{"line":5,"column":23}},"loc":{"start":{"line":5,"column":34},"end":{"line":13,"column":1}},"line":5},"1":{"name":"writeJSON","decl":{"start":{"line":16,"column":15},"end":{"line":16,"column":24}},"loc":{"start":{"line":16,"column":43},"end":{"line":26,"column":1}},"line":16},"2":{"name":"checkDuplicate","decl":{"start":{"line":29,"column":15},"end":{"line":29,"column":29}},"loc":{"start":{"line":29,"column":50},"end":{"line":44,"column":1}},"line":29},"3":{"name":"(anonymous_3)","decl":{"start":{"line":34,"column":25},"end":{"line":34,"column":26}},"loc":{"start":{"line":34,"column":37},"end":{"line":41,"column":5}},"line":34},"4":{"name":"addResource","decl":{"start":{"line":47,"column":15},"end":{"line":47,"column":26}},"loc":{"start":{"line":47,"column":37},"end":{"line":89,"column":1}},"line":47}},"branchMap":{"0":{"loc":{"start":{"line":35,"column":8},"end":{"line":37,"column":9}},"type":"if","locations":[{"start":{"line":35,"column":8},"end":{"line":37,"column":9}},{"start":{},"end":{}}],"line":35},"1":{"loc":{"start":{"line":38,"column":8},"end":{"line":40,"column":9}},"type":"if","locations":[{"start":{"line":38,"column":8},"end":{"line":40,"column":9}},{"start":{},"end":{}}],"line":38},"2":{"loc":{"start":{"line":52,"column":8},"end":{"line":54,"column":9}},"type":"if","locations":[{"start":{"line":52,"column":8},"end":{"line":54,"column":9}},{"start":{},"end":{}}],"line":52},"3":{"loc":{"start":{"line":52,"column":12},"end":{"line":52,"column":41}},"type":"binary-expr","locations":[{"start":{"line":52,"column":12},"end":{"line":52,"column":18}},{"start":{"line":52,"column":22},"end":{"line":52,"column":41}}],"line":52},"4":{"loc":{"start":{"line":55,"column":8},"end":{"line":57,"column":9}},"type":"if","locations":[{"start":{"line":55,"column":8},"end":{"line":57,"column":9}},{"start":{},"end":{}}],"line":55},"5":{"loc":{"start":{"line":55,"column":12},"end":{"line":55,"column":53}},"type":"binary-expr","locations":[{"start":{"line":55,"column":12},"end":{"line":55,"column":24}},{"start":{"line":55,"column":28},"end":{"line":55,"column":53}}],"line":55},"6":{"loc":{"start":{"line":58,"column":8},"end":{"line":60,"column":9}},"type":"if","locations":[{"start":{"line":58,"column":8},"end":{"line":60,"column":9}},{"start":{},"end":{}}],"line":58},"7":{"loc":{"start":{"line":58,"column":12},"end":{"line":58,"column":43}},"type":"binary-expr","locations":[{"start":{"line":58,"column":12},"end":{"line":58,"column":19}},{"start":{"line":58,"column":23},"end":{"line":58,"column":43}}],"line":58},"8":{"loc":{"start":{"line":64,"column":8},"end":{"line":66,"column":9}},"type":"if","locations":[{"start":{"line":64,"column":8},"end":{"line":66,"column":9}},{"start":{},"end":{}}],"line":64},"9":{"loc":{"start":{"line":71,"column":8},"end":{"line":73,"column":9}},"type":"if","locations":[{"start":{"line":71,"column":8},"end":{"line":73,"column":9}},{"start":{},"end":{}}],"line":71},"10":{"loc":{"start":{"line":71,"column":12},"end":{"line":71,"column":50}},"type":"binary-expr","locations":[{"start":{"line":71,"column":12},"end":{"line":71,"column":26}},{"start":{"line":71,"column":30},"end":{"line":71,"column":50}}],"line":71},"11":{"loc":{"start":{"line":74,"column":8},"end":{"line":76,"column":9}},"type":"if","locations":[{"start":{"line":74,"column":8},"end":{"line":76,"column":9}},{"start":{},"end":{}}],"line":74},"12":{"loc":{"start":{"line":77,"column":8},"end":{"line":79,"column":9}},"type":"if","locations":[{"start":{"line":77,"column":8},"end":{"line":79,"column":9}},{"start":{},"end":{}}],"line":77}},"s":{"0":1,"1":1,"2":9,"3":9,"4":7,"5":2,"6":2,"7":3,"8":3,"9":2,"10":2,"11":2,"12":1,"13":1,"14":4,"15":4,"16":4,"17":4,"18":3,"19":2,"20":3,"21":2,"22":4,"23":8,"24":8,"25":8,"26":1,"27":7,"28":1,"29":6,"30":1,"31":5,"32":5,"33":1,"34":4,"35":4,"36":1,"37":3,"38":1,"39":2,"40":1,"41":1,"42":1,"43":1,"44":0,"45":1},"f":{"0":9,"1":3,"2":4,"3":3,"4":8},"b":{"0":[2,1],"1":[2,1],"2":[1,7],"3":[8,7],"4":[1,6],"5":[7,6],"6":[1,5],"7":[6,5],"8":[1,4],"9":[1,3],"10":[4,2],"11":[1,2],"12":[1,1]},"_coverageSchema":"1a1c01bbd47fc00a2c39e90264f33305004495a9","hash":"183dcc4fc73ccf19636752e188be2a5229558445","contentHash":"165ebc717353e92f8b6c6ee6c10ac7fae791f9ab3143b11f2a0538bd3d0e2fbf"}
,"C:\\Users\\ialse\\OneDrive - Temasek Polytechnic\\TP Year 2.2\\DVOPS\\DVOPS_PROJECT_PART2\\DVOPS-PROJECT\\utils\\BrandenUtil.js": {"path":"C:\\Users\\ialse\\OneDrive - Temasek Polytechnic\\TP Year 2.2\\DVOPS\\DVOPS_PROJECT_PART2\\DVOPS-PROJECT\\utils\\BrandenUtil.js","statementMap":{"0":{"start":{"line":1,"column":11},"end":{"line":1,"column":33}},"1":{"start":{"line":4,"column":4},"end":{"line":7,"column":52}},"2":{"start":{"line":5,"column":21},"end":{"line":5,"column":56}},"3":{"start":{"line":6,"column":8},"end":{"line":6,"column":32}},"4":{"start":{"line":7,"column":20},"end":{"line":7,"column":39}},"5":{"start":{"line":7,"column":40},"end":{"line":7,"column":50}},"6":{"start":{"line":11,"column":4},"end":{"line":16,"column":5}},"7":{"start":{"line":12,"column":29},"end":{"line":12,"column":67}},"8":{"start":{"line":13,"column":8},"end":{"line":13,"column":50}},"9":{"start":{"line":15,"column":8},"end":{"line":15,"column":64}},"10":{"start":{"line":19,"column":0},"end":{"line":21,"column":1}}},"fnMap":{"0":{"name":"readJSON","decl":{"start":{"line":3,"column":15},"end":{"line":3,"column":23}},"loc":{"start":{"line":3,"column":34},"end":{"line":8,"column":1}},"line":3},"1":{"name":"viewBlogs","decl":{"start":{"line":10,"column":15},"end":{"line":10,"column":24}},"loc":{"start":{"line":10,"column":35},"end":{"line":17,"column":1}},"line":10}},"branchMap":{},"s":{"0":1,"1":0,"2":0,"3":0,"4":0,"5":0,"6":0,"7":0,"8":0,"9":0,"10":1},"f":{"0":0,"1":0},"b":{},"_coverageSchema":"1a1c01bbd47fc00a2c39e90264f33305004495a9","hash":"8a301dd57a05eb3db17f59715270d3bec6592e90","contentHash":"494a7ab52585994a04bf88f38ebd0765cf6ce847970d0a73b6aaedf5d914b768"}
,"C:\\Users\\ialse\\OneDrive - Temasek Polytechnic\\TP Year 2.2\\DVOPS\\DVOPS_PROJECT_PART2\\DVOPS-PROJECT\\utils\\JustinUtil.js": {"path":"C:\\Users\\ialse\\OneDrive - Temasek Polytechnic\\TP Year 2.2\\DVOPS\\DVOPS_PROJECT_PART2\\DVOPS-PROJECT\\utils\\JustinUtil.js","statementMap":{"0":{"start":{"line":1,"column":21},"end":{"line":1,"column":50}},"1":{"start":{"line":2,"column":11},"end":{"line":2,"column":33}},"2":{"start":{"line":5,"column":4},"end":{"line":8,"column":52}},"3":{"start":{"line":6,"column":21},"end":{"line":6,"column":56}},"4":{"start":{"line":7,"column":8},"end":{"line":7,"column":32}},"5":{"start":{"line":8,"column":20},"end":{"line":8,"column":39}},"6":{"start":{"line":8,"column":40},"end":{"line":8,"column":50}},"7":{"start":{"line":12,"column":4},"end":{"line":17,"column":52}},"8":{"start":{"line":13,"column":27},"end":{"line":13,"column":51}},"9":{"start":{"line":14,"column":8},"end":{"line":14,"column":32}},"10":{"start":{"line":15,"column":8},"end":{"line":15,"column":73}},"11":{"start":{"line":16,"column":8},"end":{"line":16,"column":26}},"12":{"start":{"line":17,"column":20},"end":{"line":17,"column":39}},"13":{"start":{"line":17,"column":40},"end":{"line":17,"column":50}},"14":{"start":{"line":21,"column":23},"end":{"line":21,"column":51}},"15":{"start":{"line":22,"column":4},"end":{"line":22,"column":34}},"16":{"start":{"line":26,"column":4},"end":{"line":53,"column":5}},"17":{"start":{"line":27,"column":19},"end":{"line":27,"column":32}},"18":{"start":{"line":28,"column":22},"end":{"line":28,"column":36}},"19":{"start":{"line":29,"column":28},"end":{"line":29,"column":48}},"20":{"start":{"line":30,"column":23},"end":{"line":30,"column":38}},"21":{"start":{"line":31,"column":29},"end":{"line":31,"column":67}},"22":{"start":{"line":32,"column":23},"end":{"line":32,"column":28}},"23":{"start":{"line":33,"column":8},"end":{"line":35,"column":9}},"24":{"start":{"line":34,"column":12},"end":{"line":34,"column":89}},"25":{"start":{"line":36,"column":8},"end":{"line":44,"column":9}},"26":{"start":{"line":36,"column":21},"end":{"line":36,"column":22}},"27":{"start":{"line":37,"column":34},"end":{"line":37,"column":49}},"28":{"start":{"line":38,"column":12},"end":{"line":43,"column":13}},"29":{"start":{"line":39,"column":16},"end":{"line":39,"column":46}},"30":{"start":{"line":40,"column":16},"end":{"line":40,"column":58}},"31":{"start":{"line":41,"column":16},"end":{"line":41,"column":48}},"32":{"start":{"line":42,"column":16},"end":{"line":42,"column":32}},"33":{"start":{"line":45,"column":8},"end":{"line":50,"column":9}},"34":{"start":{"line":46,"column":12},"end":{"line":46,"column":93}},"35":{"start":{"line":47,"column":12},"end":{"line":47,"column":84}},"36":{"start":{"line":49,"column":12},"end":{"line":49,"column":90}},"37":{"start":{"line":52,"column":8},"end":{"line":52,"column":64}},"38":{"start":{"line":56,"column":0},"end":{"line":58,"column":1}}},"fnMap":{"0":{"name":"readJSON","decl":{"start":{"line":4,"column":15},"end":{"line":4,"column":23}},"loc":{"start":{"line":4,"column":34},"end":{"line":9,"column":1}},"line":4},"1":{"name":"writeJSON","decl":{"start":{"line":11,"column":15},"end":{"line":11,"column":24}},"loc":{"start":{"line":11,"column":43},"end":{"line":18,"column":1}},"line":11},"2":{"name":"isValidEmail","decl":{"start":{"line":20,"column":9},"end":{"line":20,"column":21}},"loc":{"start":{"line":20,"column":29},"end":{"line":23,"column":1}},"line":20},"3":{"name":"editResource","decl":{"start":{"line":25,"column":15},"end":{"line":25,"column":27}},"loc":{"start":{"line":25,"column":38},"end":{"line":54,"column":1}},"line":25}},"branchMap":{"0":{"loc":{"start":{"line":33,"column":8},"end":{"line":35,"column":9}},"type":"if","locations":[{"start":{"line":33,"column":8},"end":{"line":35,"column":9}},{"start":{},"end":{}}],"line":33},"1":{"loc":{"start":{"line":38,"column":12},"end":{"line":43,"column":13}},"type":"if","locations":[{"start":{"line":38,"column":12},"end":{"line":43,"column":13}},{"start":{},"end":{}}],"line":38},"2":{"loc":{"start":{"line":45,"column":8},"end":{"line":50,"column":9}},"type":"if","locations":[{"start":{"line":45,"column":8},"end":{"line":50,"column":9}},{"start":{"line":48,"column":15},"end":{"line":50,"column":9}}],"line":45}},"s":{"0":1,"1":1,"2":0,"3":0,"4":0,"5":0,"6":0,"7":0,"8":0,"9":0,"10":0,"11":0,"12":0,"13":0,"14":0,"15":0,"16":0,"17":0,"18":0,"19":0,"20":0,"21":0,"22":0,"23":0,"24":0,"25":0,"26":0,"27":0,"28":0,"29":0,"30":0,"31":0,"32":0,"33":0,"34":0,"35":0,"36":0,"37":0,"38":1},"f":{"0":0,"1":0,"2":0,"3":0},"b":{"0":[0,0],"1":[0,0],"2":[0,0]},"_coverageSchema":"1a1c01bbd47fc00a2c39e90264f33305004495a9","hash":"fb2d5ffe03eb4107e68c5d00bd37688701b17fcf","contentHash":"fd0c467d988457980ed2678ef47a4bcda9952e9b93405a5918f5cc76e20a21c8"}
,"C:\\Users\\ialse\\OneDrive - Temasek Polytechnic\\TP Year 2.2\\DVOPS\\DVOPS_PROJECT_PART2\\DVOPS-PROJECT\\utils\\ShianUtil.js": {"path":"C:\\Users\\ialse\\OneDrive - Temasek Polytechnic\\TP Year 2.2\\DVOPS\\DVOPS_PROJECT_PART2\\DVOPS-PROJECT\\utils\\ShianUtil.js","statementMap":{"0":{"start":{"line":1,"column":21},"end":{"line":1,"column":50}},"1":{"start":{"line":2,"column":11},"end":{"line":2,"column":33}},"2":{"start":{"line":5,"column":4},"end":{"line":8,"column":52}},"3":{"start":{"line":6,"column":21},"end":{"line":6,"column":56}},"4":{"start":{"line":7,"column":8},"end":{"line":7,"column":32}},"5":{"start":{"line":8,"column":20},"end":{"line":8,"column":39}},"6":{"start":{"line":8,"column":40},"end":{"line":8,"column":50}},"7":{"start":{"line":12,"column":4},"end":{"line":17,"column":52}},"8":{"start":{"line":13,"column":27},"end":{"line":13,"column":51}},"9":{"start":{"line":14,"column":8},"end":{"line":14,"column":32}},"10":{"start":{"line":15,"column":8},"end":{"line":15,"column":73}},"11":{"start":{"line":16,"column":8},"end":{"line":16,"column":26}},"12":{"start":{"line":17,"column":20},"end":{"line":17,"column":39}},"13":{"start":{"line":17,"column":40},"end":{"line":17,"column":50}},"14":{"start":{"line":21,"column":4},"end":{"line":43,"column":5}},"15":{"start":{"line":22,"column":19},"end":{"line":22,"column":32}},"16":{"start":{"line":23,"column":29},"end":{"line":23,"column":67}},"17":{"start":{"line":24,"column":20},"end":{"line":24,"column":22}},"18":{"start":{"line":26,"column":8},"end":{"line":32,"column":9}},"19":{"start":{"line":26,"column":21},"end":{"line":26,"column":22}},"20":{"start":{"line":27,"column":34},"end":{"line":27,"column":49}},"21":{"start":{"line":28,"column":12},"end":{"line":31,"column":13}},"22":{"start":{"line":29,"column":16},"end":{"line":29,"column":26}},"23":{"start":{"line":30,"column":16},"end":{"line":30,"column":22}},"24":{"start":{"line":34,"column":8},"end":{"line":40,"column":9}},"25":{"start":{"line":35,"column":12},"end":{"line":35,"column":42}},"26":{"start":{"line":36,"column":12},"end":{"line":36,"column":93}},"27":{"start":{"line":37,"column":12},"end":{"line":37,"column":87}},"28":{"start":{"line":39,"column":12},"end":{"line":39,"column":99}},"29":{"start":{"line":42,"column":8},"end":{"line":42,"column":117}},"30":{"start":{"line":48,"column":0},"end":{"line":50,"column":1}}},"fnMap":{"0":{"name":"readJSON","decl":{"start":{"line":4,"column":15},"end":{"line":4,"column":23}},"loc":{"start":{"line":4,"column":34},"end":{"line":9,"column":1}},"line":4},"1":{"name":"writeJSON","decl":{"start":{"line":11,"column":15},"end":{"line":11,"column":24}},"loc":{"start":{"line":11,"column":43},"end":{"line":18,"column":1}},"line":11},"2":{"name":"deleteResource","decl":{"start":{"line":20,"column":15},"end":{"line":20,"column":29}},"loc":{"start":{"line":20,"column":40},"end":{"line":44,"column":1}},"line":20}},"branchMap":{"0":{"loc":{"start":{"line":28,"column":12},"end":{"line":31,"column":13}},"type":"if","locations":[{"start":{"line":28,"column":12},"end":{"line":31,"column":13}},{"start":{},"end":{}}],"line":28},"1":{"loc":{"start":{"line":34,"column":8},"end":{"line":40,"column":9}},"type":"if","locations":[{"start":{"line":34,"column":8},"end":{"line":40,"column":9}},{"start":{"line":38,"column":15},"end":{"line":40,"column":9}}],"line":34}},"s":{"0":1,"1":1,"2":0,"3":0,"4":0,"5":0,"6":0,"7":0,"8":0,"9":0,"10":0,"11":0,"12":0,"13":0,"14":0,"15":0,"16":0,"17":0,"18":0,"19":0,"20":0,"21":0,"22":0,"23":0,"24":0,"25":0,"26":0,"27":0,"28":0,"29":0,"30":1},"f":{"0":0,"1":0,"2":0},"b":{"0":[0,0],"1":[0,0]},"_coverageSchema":"1a1c01bbd47fc00a2c39e90264f33305004495a9","hash":"03cee40f40d8f171fa115a84091581217b66098d","contentHash":"189ccff9ef3333510164a899c70fe346ba47eba74b8c5012f7b8bb7480d4e289"}
}
