TN:
SF:public\js\alsen.js
FN:1,addResource
FN:10,(anonymous_1)
FNF:2
FNH:2
FNDA:5,addResource
FNDA:5,(anonymous_1)
DA:2,5
DA:3,5
DA:4,5
DA:5,5
DA:7,5
DA:8,5
DA:9,5
DA:10,5
DA:11,5
DA:12,5
DA:14,5
DA:15,1
DA:16,1
DA:19,1
DA:22,1
DA:23,1
DA:24,1
DA:27,1
DA:29,4
DA:30,4
DA:34,5
LF:21
LH:21
BRDA:14,0,0,1
BRDA:14,0,1,4
BRF:2
BRH:2
end_of_record
TN:
SF:public\js\branden.js
FN:4,viewBlogs
FN:10,(anonymous_1)
FN:20,(anonymous_2)
FN:28,displayBlogs
FN:30,(anonymous_4)
FN:51,handleSearch
FN:59,(anonymous_6)
FN:74,(anonymous_7)
FNF:8
FNH:5
FNDA:6,viewBlogs
FNDA:6,(anonymous_1)
FNDA:0,(anonymous_2)
FNDA:6,displayBlogs
FNDA:17,(anonymous_4)
FNDA:0,handleSearch
FNDA:0,(anonymous_6)
FNDA:6,(anonymous_7)
DA:1,6
DA:5,6
DA:7,6
DA:8,6
DA:10,6
DA:11,6
DA:12,6
DA:13,6
DA:14,6
DA:16,0
DA:20,6
DA:21,0
DA:24,6
DA:29,6
DA:30,6
DA:31,17
DA:46,6
DA:47,6
DA:52,0
DA:54,0
DA:55,0
DA:56,0
DA:59,0
DA:60,0
DA:63,0
DA:64,0
DA:66,0
DA:69,0
DA:70,0
DA:74,6
DA:75,6
DA:78,6
DA:79,6
LF:33
LH:20
BRDA:11,0,0,6
BRDA:11,0,1,0
BRDA:11,1,0,6
BRDA:11,1,1,6
BRDA:54,2,0,0
BRDA:54,2,1,0
BRDA:63,3,0,0
BRDA:63,3,1,0
BRF:8
BRH:3
end_of_record
TN:
SF:public\js\justin.js
FN:2,createEditModal
FN:46,editResource
FN:67,updateResource
FN:92,(anonymous_3)
FN:114,(anonymous_4)
FNF:5
FNH:0
FNDA:0,createEditModal
FNDA:0,editResource
FNDA:0,updateResource
FNDA:0,(anonymous_3)
FNDA:0,(anonymous_4)
DA:3,0
DA:40,0
DA:41,0
DA:48,0
DA:51,0
DA:54,0
DA:55,0
DA:56,0
DA:59,0
DA:62,0
DA:68,0
DA:75,0
DA:76,0
DA:77,0
DA:78,0
DA:81,0
DA:82,0
DA:83,0
DA:84,0
DA:85,0
DA:88,0
DA:89,0
DA:90,0
DA:92,0
DA:93,0
DA:94,0
DA:95,0
DA:96,0
DA:97,0
DA:98,0
DA:99,0
DA:100,0
DA:101,0
DA:103,0
DA:105,0
DA:106,0
DA:109,0
DA:110,0
DA:114,0
DA:115,0
DA:116,0
DA:119,0
LF:42
LH:0
BRDA:40,0,0,0
BRDA:40,0,1,0
BRDA:48,1,0,0
BRDA:48,1,1,0
BRDA:54,2,0,0
BRDA:54,2,1,0
BRDA:55,3,0,0
BRDA:55,3,1,0
BRDA:56,4,0,0
BRDA:56,4,1,0
BRDA:75,5,0,0
BRDA:75,5,1,0
BRDA:75,6,0,0
BRDA:75,6,1,0
BRDA:75,6,2,0
BRDA:82,7,0,0
BRDA:82,7,1,0
BRDA:95,8,0,0
BRDA:95,8,1,0
BRDA:98,9,0,0
BRDA:98,9,1,0
BRF:21
BRH:0
end_of_record
TN:
SF:public\js\shian.js
FN:2,deleteResource
FN:7,(anonymous_1)
FN:28,(anonymous_2)
FN:50,(anonymous_3)
FNF:4
FNH:0
FNDA:0,deleteResource
FNDA:0,(anonymous_1)
FNDA:0,(anonymous_2)
FNDA:0,(anonymous_3)
DA:4,0
DA:7,0
DA:8,0
DA:10,0
DA:12,0
DA:13,0
DA:16,0
DA:18,0
DA:19,0
DA:23,0
DA:24,0
DA:25,0
DA:28,0
DA:29,0
DA:30,0
DA:32,0
DA:33,0
DA:34,0
DA:36,0
DA:38,0
DA:41,0
DA:44,0
DA:45,0
DA:50,0
DA:51,0
DA:55,0
DA:58,0
LF:27
LH:0
BRDA:10,0,0,0
BRDA:10,0,1,0
BRDA:16,1,0,0
BRDA:16,1,1,0
BRDA:32,2,0,0
BRDA:32,2,1,0
BRDA:32,3,0,0
BRDA:32,3,1,0
BRDA:33,4,0,0
BRDA:33,4,1,0
BRF:10
BRH:0
end_of_record
