TN:
SF:utils\AlsenUtil.js
FN:5,readJSON
FN:16,writeJSON
FN:29,checkDuplicate
FN:34,(anonymous_3)
FN:47,addResource
FNF:5
FNH:5
FNDA:9,readJSON
FNDA:3,writeJSON
FNDA:4,checkDuplicate
FNDA:3,(anonymous_3)
FNDA:8,addResource
DA:1,1
DA:2,1
DA:6,9
DA:7,9
DA:8,7
DA:10,2
DA:11,2
DA:17,3
DA:18,3
DA:19,2
DA:20,2
DA:21,2
DA:23,1
DA:24,1
DA:30,4
DA:31,4
DA:32,4
DA:34,4
DA:35,3
DA:36,2
DA:38,3
DA:39,2
DA:43,4
DA:48,8
DA:49,8
DA:52,8
DA:53,1
DA:55,7
DA:56,1
DA:58,6
DA:59,1
DA:63,5
DA:64,5
DA:65,1
DA:69,4
DA:71,4
DA:72,1
DA:74,3
DA:75,1
DA:77,2
DA:78,1
DA:82,1
DA:83,1
DA:85,1
DA:87,0
DA:92,1
LF:46
LH:45
BRDA:35,0,0,2
BRDA:35,0,1,1
BRDA:38,1,0,2
BRDA:38,1,1,1
BRDA:52,2,0,1
BRDA:52,2,1,7
BRDA:52,3,0,8
BRDA:52,3,1,7
BRDA:55,4,0,1
BRDA:55,4,1,6
BRDA:55,5,0,7
BRDA:55,5,1,6
BRDA:58,6,0,1
BRDA:58,6,1,5
BRDA:58,7,0,6
BRDA:58,7,1,5
BRDA:64,8,0,1
BRDA:64,8,1,4
BRDA:71,9,0,1
BRDA:71,9,1,3
BRDA:71,10,0,4
BRDA:71,10,1,2
BRDA:74,11,0,1
BRDA:74,11,1,2
BRDA:77,12,0,1
BRDA:77,12,1,1
BRF:26
BRH:26
end_of_record
TN:
SF:utils\BrandenUtil.js
FN:3,readJSON
FN:10,viewBlogs
FNF:2
FNH:0
FNDA:0,readJSON
FNDA:0,viewBlogs
DA:1,1
DA:4,0
DA:5,0
DA:6,0
DA:7,0
DA:11,0
DA:12,0
DA:13,0
DA:15,0
DA:19,1
LF:10
LH:2
BRF:0
BRH:0
end_of_record
TN:
SF:utils\JustinUtil.js
FN:4,readJSON
FN:11,writeJSON
FN:20,isValidEmail
FN:25,editResource
FNF:4
FNH:0
FNDA:0,readJSON
FNDA:0,writeJSON
FNDA:0,isValidEmail
FNDA:0,editResource
DA:1,1
DA:2,1
DA:5,0
DA:6,0
DA:7,0
DA:8,0
DA:12,0
DA:13,0
DA:14,0
DA:15,0
DA:16,0
DA:17,0
DA:21,0
DA:22,0
DA:26,0
DA:27,0
DA:28,0
DA:29,0
DA:30,0
DA:31,0
DA:32,0
DA:33,0
DA:34,0
DA:36,0
DA:37,0
DA:38,0
DA:39,0
DA:40,0
DA:41,0
DA:42,0
DA:45,0
DA:46,0
DA:47,0
DA:49,0
DA:52,0
DA:56,1
LF:36
LH:3
BRDA:33,0,0,0
BRDA:33,0,1,0
BRDA:38,1,0,0
BRDA:38,1,1,0
BRDA:45,2,0,0
BRDA:45,2,1,0
BRF:6
BRH:0
end_of_record
TN:
SF:utils\ShianUtil.js
FN:4,readJSON
FN:11,writeJSON
FN:20,deleteResource
FNF:3
FNH:0
FNDA:0,readJSON
FNDA:0,writeJSON
FNDA:0,deleteResource
DA:1,1
DA:2,1
DA:5,0
DA:6,0
DA:7,0
DA:8,0
DA:12,0
DA:13,0
DA:14,0
DA:15,0
DA:16,0
DA:17,0
DA:21,0
DA:22,0
DA:23,0
DA:24,0
DA:26,0
DA:27,0
DA:28,0
DA:29,0
DA:30,0
DA:34,0
DA:35,0
DA:36,0
DA:37,0
DA:39,0
DA:42,0
DA:48,1
LF:28
LH:3
BRDA:28,0,0,0
BRDA:28,0,1,0
BRDA:34,1,0,0
BRDA:34,1,1,0
BRF:4
BRH:0
end_of_record
